<?xml version="1.0" encoding="UTF-8"?>
<testng-results ignored="0" total="3" passed="3" failed="0" skipped="0">
  <reporter-output>
  </reporter-output>
  <suite started-at="2022-05-18T03:23:06Z" name="Suite" finished-at="2022-05-18T03:25:25Z" duration-ms="138865">
    <groups>
    </groups>
    <test started-at="2022-05-18T03:23:06Z" name="Test" finished-at="2022-05-18T03:25:25Z" duration-ms="138865">
      <class name="com.test.CAssesment">
        <test-method signature="FindHotel()[pri:0, instance:com.test.CAssesment@5b7a8434]" started-at="2022-05-18T03:23:06Z" name="FindHotel" finished-at="2022-05-18T03:24:07Z" duration-ms="60989" status="PASS">
          <reporter-output>
          </reporter-output>
        </test-method> <!-- FindHotel -->
        <test-method signature="joinPage()[pri:0, instance:com.test.CAssesment@5b7a8434]" started-at="2022-05-18T03:24:07Z" name="joinPage" finished-at="2022-05-18T03:24:50Z" duration-ms="42445" status="PASS">
          <reporter-output>
          </reporter-output>
        </test-method> <!-- joinPage -->
        <test-method signature="trip()[pri:0, instance:com.test.CAssesment@5b7a8434]" started-at="2022-05-18T03:24:50Z" name="trip" finished-at="2022-05-18T03:25:25Z" duration-ms="35393" status="PASS">
          <reporter-output>
          </reporter-output>
        </test-method> <!-- trip -->
      </class> <!-- com.test.CAssesment -->
    </test> <!-- Test -->
  </suite> <!-- Suite -->
</testng-results>
