<?xml version="1.0" encoding="UTF-8"?>
<testng-results ignored="0" total="2" passed="2" failed="0" skipped="0">
  <reporter-output>
  </reporter-output>
  <suite started-at="2022-05-18T02:30:42Z" name="Default suite" finished-at="2022-05-18T02:32:35Z" duration-ms="112757">
    <groups>
    </groups>
    <test started-at="2022-05-18T02:30:42Z" name="Default test" finished-at="2022-05-18T02:32:35Z" duration-ms="112757">
      <class name="com.test.CAssesment">
        <test-method signature="FindHotel()[pri:0, instance:com.test.CAssesment@4eaf3684]" started-at="2022-05-18T02:30:42Z" name="FindHotel" finished-at="2022-05-18T02:31:54Z" duration-ms="71164" status="PASS">
          <reporter-output>
          </reporter-output>
        </test-method> <!-- FindHotel -->
        <test-method signature="joinPage()[pri:0, instance:com.test.CAssesment@4eaf3684]" started-at="2022-05-18T02:31:54Z" name="joinPage" finished-at="2022-05-18T02:32:35Z" duration-ms="41530" status="PASS">
          <reporter-output>
          </reporter-output>
        </test-method> <!-- joinPage -->
      </class> <!-- com.test.CAssesment -->
    </test> <!-- Default test -->
  </suite> <!-- Default suite -->
</testng-results>
